npm WARN config global `--global`, `--local` are deprecated. Use `--location=global` instead.
npm ERR! code ERESOLVE
npm ERR! ERESOLVE unable to resolve dependency tree
npm ERR! 
npm ERR! While resolving: netflixroulette@0.1.0
npm ERR! Found: react-scripts@3.4.4
npm ERR! node_modules/react-scripts
npm ERR!   react-scripts@"^3.0.1" from the root project
npm ERR! 
npm ERR! Could not resolve dependency:
npm ERR! peer react-scripts@">=5.0.0" from @storybook/preset-create-react-app@7.5.1
npm ERR! node_modules/@storybook/preset-create-react-app
npm ERR!   dev @storybook/preset-create-react-app@"7.5.1" from the root project
npm ERR! 
npm ERR! Fix the upstream dependency conflict, or retry
npm ERR! this command with --force, or --legacy-peer-deps
npm ERR! to accept an incorrect (and potentially broken) dependency resolution.
npm ERR! 
npm ERR! See C:\Users\Mayurbhai_Kamaliya\AppData\Local\npm-cache\eresolve-report.txt for a full report.

npm ERR! A complete log of this run can be found in:
npm ERR!     C:\Users\Mayurbhai_Kamaliya\AppData\Local\npm-cache\_logs\2023-10-30T05_44_51_724Z-debug-0.log
